<?xml version="1.0" encoding="UTF-8"?>
<!-- Generated by org.testng.reporters.JUnitXMLReporter -->
<testsuite hostname="Asus" name="Default test" tests="7" failures="0" timestamp="12 Feb 2017 16:58:57 GMT" time="0.06" errors="0">
  <testcase name="test_ConsonantFrequency" time="0.013" classname="test.PorterAlgorithm_Test"/>
  <testcase name="test_checkRule1" time="0.001" classname="test.PorterAlgorithm_Test"/>
  <testcase name="test_checkRule2" time="0.002" classname="test.PorterAlgorithm_Test"/>
  <testcase name="test_checkRule3" time="0.002" classname="test.PorterAlgorithm_Test"/>
  <testcase name="test_checkRule4" time="0.001" classname="test.PorterAlgorithm_Test"/>
  <testcase name="test_checkRule5" time="0.001" classname="test.PorterAlgorithm_Test"/>
  <testcase name="test_checkRule6" time="0.001" classname="test.PorterAlgorithm_Test"/>
</testsuite> <!-- Default test -->
