<?xml version="1.0" encoding="UTF-8"?>
<!-- Generated by org.testng.reporters.JUnitXMLReporter -->
<testsuite hostname="Asus" name="Default test" tests="6" failures="0" timestamp="10 Feb 2017 18:06:22 GMT" time="0.053" errors="0">
  <testcase name="test_checkRule1" time="0.012" classname="test.PorterAlgorithm_Test"/>
  <testcase name="test_checkRule2" time="0.001" classname="test.PorterAlgorithm_Test"/>
  <testcase name="test_checkRule3" time="0.001" classname="test.PorterAlgorithm_Test"/>
  <testcase name="test_checkRule4" time="0.001" classname="test.PorterAlgorithm_Test"/>
  <testcase name="test_checkRule5" time="0.001" classname="test.PorterAlgorithm_Test"/>
  <testcase name="test_checkRule6" time="0.001" classname="test.PorterAlgorithm_Test"/>
</testsuite> <!-- Default test -->
